[2021-02-18 18:33:52.735] [info] Updating Model file from 30000 to latest format...
[2021-02-18 18:33:52.812] [info] Loaded model subject1_Scaled from file C:\Users\u0101727\Documents\MyRepositories\predictsim_mtp\OpenSimModel\subject1_no_mtp\Model\subject1_no_mtp_cm0.osim
[2021-02-18 18:33:52.838] [info] ControllerSet 'Controllers' was renamed and is being reset to 'controllerset'.
[2021-02-18 18:33:52.840] [info] ComponentSet 'MiscComponents' was renamed and is being reset to 'componentset'.
[2021-02-18 18:40:09.223] [info] Updating Model file from 30000 to latest format...
[2021-02-18 18:40:09.295] [info] Loaded model subject1_Scaled from file C:\Users\u0101727\Documents\MyRepositories\predictsim_mtp\OpenSimModel\subject1_no_mtp\Model\subject1_no_mtp_cm3.osim
[2021-02-18 18:40:09.315] [info] ControllerSet 'Controllers' was renamed and is being reset to 'controllerset'.
[2021-02-18 18:40:09.317] [info] ComponentSet 'MiscComponents' was renamed and is being reset to 'componentset'.
[2021-02-18 18:44:49.349] [info] Loaded model subject1_Scaled from file C:\Users\u0101727\Documents\MyRepositories\predictsim_mtp\OpenSimModel\subject1_mtp\Model\subject1_mtp_OS4_cm0.osim
[2021-02-18 18:47:33.037] [info] Loaded model subject1_Scaled from file C:\Users\u0101727\Documents\MyRepositories\predictsim_mtp\OpenSimModel\subject1_mtp\Model\subject1_mtp_OS4_cm3.osim
[2021-04-30 09:03:45.016] [info] Updating Model file from 30000 to latest format...
[2021-04-30 09:03:45.101] [info] Loaded model subject1_Scaled from file C:/Users/u0101727/Documents/MyRepositories/predictsim_mtp/OpenSimModel/subject1_no_mtp/Model/subject1_no_mtp_cm0.osim
[2021-04-30 09:03:45.104] [warning] Couldn't find file 'treadmill.vtp'.
[2021-04-30 09:03:45.104] [warning] Couldn't find file 'sacrum.vtp'.
[2021-04-30 09:03:45.104] [warning] Couldn't find file 'pelvis.vtp'.
[2021-04-30 09:03:45.104] [warning] Couldn't find file 'l_pelvis.vtp'.
[2021-04-30 09:03:45.104] [warning] Couldn't find file 'femur_r.vtp'.
[2021-04-30 09:03:45.104] [warning] Couldn't find file 'tibia_r.vtp'.
[2021-04-30 09:03:45.104] [warning] Couldn't find file 'fibula.vtp'.
[2021-04-30 09:03:45.104] [warning] Couldn't find file 'talus.vtp'.
[2021-04-30 09:03:45.105] [warning] Couldn't find file 'foot.vtp'.
[2021-04-30 09:03:45.105] [warning] Couldn't find file 'bofoot.vtp'.
[2021-04-30 09:03:45.105] [warning] Couldn't find file 'femur_l.vtp'.
[2021-04-30 09:03:45.105] [warning] Couldn't find file 'tibia_l.vtp'.
[2021-04-30 09:03:45.105] [warning] Couldn't find file 'l_fibula.vtp'.
[2021-04-30 09:03:45.105] [warning] Couldn't find file 'l_talus.vtp'.
[2021-04-30 09:03:45.105] [warning] Couldn't find file 'l_foot.vtp'.
[2021-04-30 09:03:45.105] [warning] Couldn't find file 'l_bofoot.vtp'.
[2021-04-30 09:03:45.106] [warning] Couldn't find file 'hat_spine.vtp'.
[2021-04-30 09:03:45.106] [warning] Couldn't find file 'hat_jaw.vtp'.
[2021-04-30 09:03:45.106] [warning] Couldn't find file 'hat_skull.vtp'.
[2021-04-30 09:03:45.106] [warning] Couldn't find file 'hat_ribs.vtp'.
[2021-04-30 09:03:45.106] [warning] Couldn't find file 'arm_r_humerus.vtp'.
[2021-04-30 09:03:45.106] [warning] Couldn't find file 'ulna_rv.vtp'.
[2021-04-30 09:03:45.106] [warning] Couldn't find file 'radius_rv.vtp'.
[2021-04-30 09:03:45.106] [warning] Couldn't find file 'pisiform_rvs.vtp'.
[2021-04-30 09:03:45.107] [warning] Couldn't find file 'lunate_rvs.vtp'.
[2021-04-30 09:03:45.107] [warning] Couldn't find file 'scaphoid_rvs.vtp'.
[2021-04-30 09:03:45.107] [warning] Couldn't find file 'triquetrum_rvs.vtp'.
[2021-04-30 09:03:45.107] [warning] Couldn't find file 'hamate_rvs.vtp'.
[2021-04-30 09:03:45.107] [warning] Couldn't find file 'capitate_rvs.vtp'.
[2021-04-30 09:03:45.107] [warning] Couldn't find file 'trapezoid_rvs.vtp'.
[2021-04-30 09:03:45.107] [warning] Couldn't find file 'trapezium_rvs.vtp'.
[2021-04-30 09:03:45.107] [warning] Couldn't find file 'metacarpal2_rvs.vtp'.
[2021-04-30 09:03:45.108] [warning] Couldn't find file 'index_proximal_rvs.vtp'.
[2021-04-30 09:03:45.108] [warning] Couldn't find file 'index_medial_rvs.vtp'.
[2021-04-30 09:03:45.108] [warning] Couldn't find file 'index_distal_rvs.vtp'.
[2021-04-30 09:03:45.108] [warning] Couldn't find file 'metacarpal3_rvs.vtp'.
[2021-04-30 09:03:45.108] [warning] Couldn't find file 'middle_proximal_rvs.vtp'.
[2021-04-30 09:03:45.108] [warning] Couldn't find file 'middle_medial_rvs.vtp'.
[2021-04-30 09:03:45.108] [warning] Couldn't find file 'middle_distal_rvs.vtp'.
[2021-04-30 09:03:45.108] [warning] Couldn't find file 'metacarpal4_rvs.vtp'.
[2021-04-30 09:03:45.108] [warning] Couldn't find file 'ring_proximal_rvs.vtp'.
[2021-04-30 09:03:45.108] [warning] Couldn't find file 'ring_medial_rvs.vtp'.
[2021-04-30 09:03:45.109] [warning] Couldn't find file 'ring_distal_rvs.vtp'.
[2021-04-30 09:03:45.109] [warning] Couldn't find file 'metacarpal5_rvs.vtp'.
[2021-04-30 09:03:45.109] [warning] Couldn't find file 'little_proximal_rvs.vtp'.
[2021-04-30 09:03:45.109] [warning] Couldn't find file 'little_medial_rvs.vtp'.
[2021-04-30 09:03:45.109] [warning] Couldn't find file 'little_distal_rvs.vtp'.
[2021-04-30 09:03:45.109] [warning] Couldn't find file 'metacarpal1_rvs.vtp'.
[2021-04-30 09:03:45.109] [warning] Couldn't find file 'thumb_proximal_rvs.vtp'.
[2021-04-30 09:03:45.109] [warning] Couldn't find file 'thumb_distal_rvs.vtp'.
[2021-04-30 09:03:45.109] [warning] Couldn't find file 'humerus_lv.vtp'.
[2021-04-30 09:03:45.110] [warning] Couldn't find file 'ulna_lv.vtp'.
[2021-04-30 09:03:45.110] [warning] Couldn't find file 'radius_lv.vtp'.
[2021-04-30 09:03:45.110] [warning] Couldn't find file 'pisiform_lvs.vtp'.
[2021-04-30 09:03:45.110] [warning] Couldn't find file 'lunate_lvs.vtp'.
[2021-04-30 09:03:45.110] [warning] Couldn't find file 'scaphoid_lvs.vtp'.
[2021-04-30 09:03:45.110] [warning] Couldn't find file 'triquetrum_lvs.vtp'.
[2021-04-30 09:03:45.110] [warning] Couldn't find file 'hamate_lvs.vtp'.
[2021-04-30 09:03:45.110] [warning] Couldn't find file 'capitate_lvs.vtp'.
[2021-04-30 09:03:45.110] [warning] Couldn't find file 'trapezoid_lvs.vtp'.
[2021-04-30 09:03:45.110] [warning] Couldn't find file 'trapezium_lvs.vtp'.
[2021-04-30 09:03:45.110] [warning] Couldn't find file 'metacarpal2_lvs.vtp'.
[2021-04-30 09:03:45.111] [warning] Couldn't find file 'index_proximal_lvs.vtp'.
[2021-04-30 09:03:45.111] [warning] Couldn't find file 'index_medial_lvs.vtp'.
[2021-04-30 09:03:45.111] [warning] Couldn't find file 'index_distal_lvs.vtp'.
[2021-04-30 09:03:45.111] [warning] Couldn't find file 'metacarpal3_lvs.vtp'.
[2021-04-30 09:03:45.111] [warning] Couldn't find file 'middle_proximal_lvs.vtp'.
[2021-04-30 09:03:45.111] [warning] Couldn't find file 'middle_medial_lvs.vtp'.
[2021-04-30 09:03:45.111] [warning] Couldn't find file 'middle_distal_lvs.vtp'.
[2021-04-30 09:03:45.111] [warning] Couldn't find file 'metacarpal4_lvs.vtp'.
[2021-04-30 09:03:45.111] [warning] Couldn't find file 'ring_proximal_lvs.vtp'.
[2021-04-30 09:03:45.111] [warning] Couldn't find file 'ring_medial_lvs.vtp'.
[2021-04-30 09:03:45.112] [warning] Couldn't find file 'ring_distal_lvs.vtp'.
[2021-04-30 09:03:45.112] [warning] Couldn't find file 'metacarpal5_lvs.vtp'.
[2021-04-30 09:03:45.112] [warning] Couldn't find file 'little_proximal_lvs.vtp'.
[2021-04-30 09:03:45.112] [warning] Couldn't find file 'little_medial_lvs.vtp'.
[2021-04-30 09:03:45.112] [warning] Couldn't find file 'little_distal_lvs.vtp'.
[2021-04-30 09:03:45.112] [warning] Couldn't find file 'metacarpal1_lvs.vtp'.
[2021-04-30 09:03:45.112] [warning] Couldn't find file 'thumb_proximal_lvs.vtp'.
[2021-04-30 09:03:45.112] [warning] Couldn't find file 'thumb_distal_lvs.vtp'.
[2021-04-30 09:03:45.114] [info] ControllerSet 'Controllers' was renamed and is being reset to 'controllerset'.
[2021-04-30 09:03:45.117] [info] ComponentSet 'MiscComponents' was renamed and is being reset to 'componentset'.
[2021-04-30 09:04:21.896] [info] Loaded model subject2_withoutMTP_scaled from file C:/Users/u0101727/Documents/MyRepositories/predictsim_mtp/OpenSimModel/subject2_no_mtp/Model/subject2_withoutMTP_weldRadius_scaled_FK_contactsAsForces_generic.osim
[2021-04-30 09:04:21.897] [warning] Couldn't find file 'sacrum.vtp'.
[2021-04-30 09:04:21.897] [warning] Couldn't find file 'pelvis.vtp'.
[2021-04-30 09:04:21.897] [warning] Couldn't find file 'l_pelvis.vtp'.
[2021-04-30 09:04:21.897] [warning] Couldn't find file 'femur_r.vtp'.
[2021-04-30 09:04:21.898] [warning] Couldn't find file 'tibia_r.vtp'.
[2021-04-30 09:04:21.898] [warning] Couldn't find file 'fibula_r.vtp'.
[2021-04-30 09:04:21.898] [warning] Couldn't find file 'talus_rv.vtp'.
[2021-04-30 09:04:21.898] [warning] Couldn't find file 'foot.vtp'.
[2021-04-30 09:04:21.898] [warning] Couldn't find file 'bofoot.vtp'.
[2021-04-30 09:04:21.898] [warning] Couldn't find file 'femur_l.vtp'.
[2021-04-30 09:04:21.898] [warning] Couldn't find file 'tibia_l.vtp'.
[2021-04-30 09:04:21.898] [warning] Couldn't find file 'fibula_l.vtp'.
[2021-04-30 09:04:21.898] [warning] Couldn't find file 'talus_lv.vtp'.
[2021-04-30 09:04:21.898] [warning] Couldn't find file 'l_foot.vtp'.
[2021-04-30 09:04:21.899] [warning] Couldn't find file 'l_bofoot.vtp'.
[2021-04-30 09:04:21.899] [warning] Couldn't find file 'hat_spine.vtp'.
[2021-04-30 09:04:21.899] [warning] Couldn't find file 'hat_jaw.vtp'.
[2021-04-30 09:04:21.899] [warning] Couldn't find file 'hat_skull.vtp'.
[2021-04-30 09:04:21.899] [warning] Couldn't find file 'hat_ribs_scap.vtp'.
[2021-04-30 09:04:21.899] [warning] Couldn't find file 'humerus_rv.vtp'.
[2021-04-30 09:04:21.899] [warning] Couldn't find file 'ulna_rv.vtp'.
[2021-04-30 09:04:21.899] [warning] Couldn't find file 'radius_rv.vtp'.
[2021-04-30 09:04:21.900] [warning] Couldn't find file 'pisiform_rvs.vtp'.
[2021-04-30 09:04:21.900] [warning] Couldn't find file 'lunate_rvs.vtp'.
[2021-04-30 09:04:21.900] [warning] Couldn't find file 'scaphoid_rvs.vtp'.
[2021-04-30 09:04:21.900] [warning] Couldn't find file 'triquetrum_rvs.vtp'.
[2021-04-30 09:04:21.900] [warning] Couldn't find file 'hamate_rvs.vtp'.
[2021-04-30 09:04:21.900] [warning] Couldn't find file 'capitate_rvs.vtp'.
[2021-04-30 09:04:21.900] [warning] Couldn't find file 'trapezoid_rvs.vtp'.
[2021-04-30 09:04:21.900] [warning] Couldn't find file 'trapezium_rvs.vtp'.
[2021-04-30 09:04:21.900] [warning] Couldn't find file 'metacarpal2_rvs.vtp'.
[2021-04-30 09:04:21.900] [warning] Couldn't find file 'index_proximal_rvs.vtp'.
[2021-04-30 09:04:21.900] [warning] Couldn't find file 'index_medial_rvs.vtp'.
[2021-04-30 09:04:21.901] [warning] Couldn't find file 'index_distal_rvs.vtp'.
[2021-04-30 09:04:21.901] [warning] Couldn't find file 'metacarpal3_rvs.vtp'.
[2021-04-30 09:04:21.901] [warning] Couldn't find file 'middle_proximal_rvs.vtp'.
[2021-04-30 09:04:21.901] [warning] Couldn't find file 'middle_medial_rvs.vtp'.
[2021-04-30 09:04:21.901] [warning] Couldn't find file 'middle_distal_rvs.vtp'.
[2021-04-30 09:04:21.901] [warning] Couldn't find file 'metacarpal4_rvs.vtp'.
[2021-04-30 09:04:21.901] [warning] Couldn't find file 'ring_proximal_rvs.vtp'.
[2021-04-30 09:04:21.901] [warning] Couldn't find file 'ring_medial_rvs.vtp'.
[2021-04-30 09:04:21.902] [warning] Couldn't find file 'ring_distal_rvs.vtp'.
[2021-04-30 09:04:21.902] [warning] Couldn't find file 'metacarpal5_rvs.vtp'.
[2021-04-30 09:04:21.902] [warning] Couldn't find file 'little_proximal_rvs.vtp'.
[2021-04-30 09:04:21.902] [warning] Couldn't find file 'little_medial_rvs.vtp'.
[2021-04-30 09:04:21.902] [warning] Couldn't find file 'little_distal_rvs.vtp'.
[2021-04-30 09:04:21.902] [warning] Couldn't find file 'metacarpal1_rvs.vtp'.
[2021-04-30 09:04:21.902] [warning] Couldn't find file 'thumb_proximal_rvs.vtp'.
[2021-04-30 09:04:21.902] [warning] Couldn't find file 'thumb_distal_rvs.vtp'.
[2021-04-30 09:04:21.902] [warning] Couldn't find file 'humerus_lv.vtp'.
[2021-04-30 09:04:21.903] [warning] Couldn't find file 'ulna_lv.vtp'.
[2021-04-30 09:04:21.903] [warning] Couldn't find file 'radius_lv.vtp'.
[2021-04-30 09:04:21.903] [warning] Couldn't find file 'pisiform_lvs.vtp'.
[2021-04-30 09:04:21.903] [warning] Couldn't find file 'lunate_lvs.vtp'.
[2021-04-30 09:04:21.903] [warning] Couldn't find file 'scaphoid_lvs.vtp'.
[2021-04-30 09:04:21.903] [warning] Couldn't find file 'triquetrum_lvs.vtp'.
[2021-04-30 09:04:21.903] [warning] Couldn't find file 'hamate_lvs.vtp'.
[2021-04-30 09:04:21.903] [warning] Couldn't find file 'capitate_lvs.vtp'.
[2021-04-30 09:04:21.903] [warning] Couldn't find file 'trapezoid_lvs.vtp'.
[2021-04-30 09:04:21.903] [warning] Couldn't find file 'trapezium_lvs.vtp'.
[2021-04-30 09:04:21.904] [warning] Couldn't find file 'metacarpal2_lvs.vtp'.
[2021-04-30 09:04:21.904] [warning] Couldn't find file 'index_proximal_lvs.vtp'.
[2021-04-30 09:04:21.904] [warning] Couldn't find file 'index_medial_lvs.vtp'.
[2021-04-30 09:04:21.904] [warning] Couldn't find file 'index_distal_lvs.vtp'.
[2021-04-30 09:04:21.904] [warning] Couldn't find file 'metacarpal3_lvs.vtp'.
[2021-04-30 09:04:21.904] [warning] Couldn't find file 'middle_proximal_lvs.vtp'.
[2021-04-30 09:04:21.904] [warning] Couldn't find file 'middle_medial_lvs.vtp'.
[2021-04-30 09:04:21.904] [warning] Couldn't find file 'middle_distal_lvs.vtp'.
[2021-04-30 09:04:21.904] [warning] Couldn't find file 'metacarpal4_lvs.vtp'.
[2021-04-30 09:04:21.904] [warning] Couldn't find file 'ring_proximal_lvs.vtp'.
[2021-04-30 09:04:21.905] [warning] Couldn't find file 'ring_medial_lvs.vtp'.
[2021-04-30 09:04:21.905] [warning] Couldn't find file 'ring_distal_lvs.vtp'.
[2021-04-30 09:04:21.905] [warning] Couldn't find file 'metacarpal5_lvs.vtp'.
[2021-04-30 09:04:21.905] [warning] Couldn't find file 'little_proximal_lvs.vtp'.
[2021-04-30 09:04:21.905] [warning] Couldn't find file 'little_medial_lvs.vtp'.
[2021-04-30 09:04:21.905] [warning] Couldn't find file 'little_distal_lvs.vtp'.
[2021-04-30 09:04:21.905] [warning] Couldn't find file 'metacarpal1_lvs.vtp'.
[2021-04-30 09:04:21.905] [warning] Couldn't find file 'thumb_proximal_lvs.vtp'.
[2021-04-30 09:04:21.905] [warning] Couldn't find file 'thumb_distal_lvs.vtp'.
[2021-04-30 13:48:44.210] [info] Updating Model file from 30000 to latest format...
[2021-04-30 13:48:44.211] [warning] Model name 'Running Model For Motions In All Directions' contains whitespace.
[2021-04-30 13:48:44.211] [warning] It was renamed to 'RunningModelForMotionsInAllDirections'.
[2021-04-30 13:48:44.293] [info] Loaded model RunningModelForMotionsInAllDirections from file C:\Users\u0101727\Documents\MyRepositories\BASH-Model\data\OSIM\referenceScaledModel.osim
[2021-04-30 13:48:44.294] [warning] Couldn't find file 'checkered_floor.vtp'.
[2021-04-30 13:48:44.294] [warning] Couldn't find file 'sacrum.vtp'.
[2021-04-30 13:48:44.294] [warning] Couldn't find file 'pelvis.vtp'.
[2021-04-30 13:48:44.294] [warning] Couldn't find file 'l_pelvis.vtp'.
[2021-04-30 13:48:44.294] [warning] Couldn't find file 'femur_r.vtp'.
[2021-04-30 13:48:44.294] [warning] Couldn't find file 'tibia_r.vtp'.
[2021-04-30 13:48:44.294] [warning] Couldn't find file 'fibula_r.vtp'.
[2021-04-30 13:48:44.295] [warning] Couldn't find file 'talus_rv.vtp'.
[2021-04-30 13:48:44.295] [warning] Couldn't find file 'foot.vtp'.
[2021-04-30 13:48:44.295] [warning] Couldn't find file 'bofoot.vtp'.
[2021-04-30 13:48:44.295] [warning] Couldn't find file 'femur_l.vtp'.
[2021-04-30 13:48:44.295] [warning] Couldn't find file 'tibia_l.vtp'.
[2021-04-30 13:48:44.295] [warning] Couldn't find file 'fibula_l.vtp'.
[2021-04-30 13:48:44.295] [warning] Couldn't find file 'talus_lv.vtp'.
[2021-04-30 13:48:44.295] [warning] Couldn't find file 'l_foot.vtp'.
[2021-04-30 13:48:44.295] [warning] Couldn't find file 'l_bofoot.vtp'.
[2021-04-30 13:48:44.295] [warning] Couldn't find file 'hat_spine.vtp'.
[2021-04-30 13:48:44.296] [warning] Couldn't find file 'hat_jaw.vtp'.
[2021-04-30 13:48:44.296] [warning] Couldn't find file 'hat_skull.vtp'.
[2021-04-30 13:48:44.296] [warning] Couldn't find file 'hat_ribs_scap.vtp'.
[2021-04-30 13:48:44.296] [warning] Couldn't find file 'humerus_rv.vtp'.
[2021-04-30 13:48:44.296] [warning] Couldn't find file 'ulna_rv.vtp'.
[2021-04-30 13:48:44.296] [warning] Couldn't find file 'radius_rv.vtp'.
[2021-04-30 13:48:44.297] [warning] Couldn't find file 'pisiform_rvs.vtp'.
[2021-04-30 13:48:44.297] [warning] Couldn't find file 'lunate_rvs.vtp'.
[2021-04-30 13:48:44.297] [warning] Couldn't find file 'scaphoid_rvs.vtp'.
[2021-04-30 13:48:44.297] [warning] Couldn't find file 'triquetrum_rvs.vtp'.
[2021-04-30 13:48:44.297] [warning] Couldn't find file 'hamate_rvs.vtp'.
[2021-04-30 13:48:44.297] [warning] Couldn't find file 'capitate_rvs.vtp'.
[2021-04-30 13:48:44.297] [warning] Couldn't find file 'trapezoid_rvs.vtp'.
[2021-04-30 13:48:44.298] [warning] Couldn't find file 'trapezium_rvs.vtp'.
[2021-04-30 13:48:44.298] [warning] Couldn't find file 'metacarpal2_rvs.vtp'.
[2021-04-30 13:48:44.298] [warning] Couldn't find file 'index_proximal_rvs.vtp'.
[2021-04-30 13:48:44.298] [warning] Couldn't find file 'index_medial_rvs.vtp'.
[2021-04-30 13:48:44.298] [warning] Couldn't find file 'index_distal_rvs.vtp'.
[2021-04-30 13:48:44.298] [warning] Couldn't find file 'metacarpal3_rvs.vtp'.
[2021-04-30 13:48:44.298] [warning] Couldn't find file 'middle_proximal_rvs.vtp'.
[2021-04-30 13:48:44.298] [warning] Couldn't find file 'middle_medial_rvs.vtp'.
[2021-04-30 13:48:44.298] [warning] Couldn't find file 'middle_distal_rvs.vtp'.
[2021-04-30 13:48:44.298] [warning] Couldn't find file 'metacarpal4_rvs.vtp'.
[2021-04-30 13:48:44.299] [warning] Couldn't find file 'ring_proximal_rvs.vtp'.
[2021-04-30 13:48:44.299] [warning] Couldn't find file 'ring_medial_rvs.vtp'.
[2021-04-30 13:48:44.299] [warning] Couldn't find file 'ring_distal_rvs.vtp'.
[2021-04-30 13:48:44.299] [warning] Couldn't find file 'metacarpal5_rvs.vtp'.
[2021-04-30 13:48:44.299] [warning] Couldn't find file 'little_proximal_rvs.vtp'.
[2021-04-30 13:48:44.299] [warning] Couldn't find file 'little_medial_rvs.vtp'.
[2021-04-30 13:48:44.299] [warning] Couldn't find file 'little_distal_rvs.vtp'.
[2021-04-30 13:48:44.299] [warning] Couldn't find file 'metacarpal1_rvs.vtp'.
[2021-04-30 13:48:44.299] [warning] Couldn't find file 'thumb_proximal_rvs.vtp'.
[2021-04-30 13:48:44.299] [warning] Couldn't find file 'thumb_distal_rvs.vtp'.
[2021-04-30 13:48:44.300] [warning] Couldn't find file 'humerus_lv.vtp'.
[2021-04-30 13:48:44.300] [warning] Couldn't find file 'ulna_lv.vtp'.
[2021-04-30 13:48:44.300] [warning] Couldn't find file 'radius_lv.vtp'.
[2021-04-30 13:48:44.300] [warning] Couldn't find file 'pisiform_lvs.vtp'.
[2021-04-30 13:48:44.300] [warning] Couldn't find file 'lunate_lvs.vtp'.
[2021-04-30 13:48:44.300] [warning] Couldn't find file 'scaphoid_lvs.vtp'.
[2021-04-30 13:48:44.300] [warning] Couldn't find file 'triquetrum_lvs.vtp'.
[2021-04-30 13:48:44.300] [warning] Couldn't find file 'hamate_lvs.vtp'.
[2021-04-30 13:48:44.300] [warning] Couldn't find file 'capitate_lvs.vtp'.
[2021-04-30 13:48:44.300] [warning] Couldn't find file 'trapezoid_lvs.vtp'.
[2021-04-30 13:48:44.301] [warning] Couldn't find file 'trapezium_lvs.vtp'.
[2021-04-30 13:48:44.301] [warning] Couldn't find file 'metacarpal2_lvs.vtp'.
[2021-04-30 13:48:44.301] [warning] Couldn't find file 'index_proximal_lvs.vtp'.
[2021-04-30 13:48:44.301] [warning] Couldn't find file 'index_medial_lvs.vtp'.
[2021-04-30 13:48:44.301] [warning] Couldn't find file 'index_distal_lvs.vtp'.
[2021-04-30 13:48:44.301] [warning] Couldn't find file 'metacarpal3_lvs.vtp'.
[2021-04-30 13:48:44.301] [warning] Couldn't find file 'middle_proximal_lvs.vtp'.
[2021-04-30 13:48:44.301] [warning] Couldn't find file 'middle_medial_lvs.vtp'.
[2021-04-30 13:48:44.301] [warning] Couldn't find file 'middle_distal_lvs.vtp'.
[2021-04-30 13:48:44.301] [warning] Couldn't find file 'metacarpal4_lvs.vtp'.
[2021-04-30 13:48:44.302] [warning] Couldn't find file 'ring_proximal_lvs.vtp'.
[2021-04-30 13:48:44.302] [warning] Couldn't find file 'ring_medial_lvs.vtp'.
[2021-04-30 13:48:44.302] [warning] Couldn't find file 'ring_distal_lvs.vtp'.
[2021-04-30 13:48:44.302] [warning] Couldn't find file 'metacarpal5_lvs.vtp'.
[2021-04-30 13:48:44.302] [warning] Couldn't find file 'little_proximal_lvs.vtp'.
[2021-04-30 13:48:44.302] [warning] Couldn't find file 'little_medial_lvs.vtp'.
[2021-04-30 13:48:44.302] [warning] Couldn't find file 'little_distal_lvs.vtp'.
[2021-04-30 13:48:44.302] [warning] Couldn't find file 'metacarpal1_lvs.vtp'.
[2021-04-30 13:48:44.302] [warning] Couldn't find file 'thumb_proximal_lvs.vtp'.
[2021-04-30 13:48:44.302] [warning] Couldn't find file 'thumb_distal_lvs.vtp'.
[2021-04-30 13:48:44.415] [info] Loaded model RajagopalModified2016_withArms_lockedSubtalarMTP_KA_scaled from file C:\Users\u0101727\Documents\MyRepositories\BASH-Model\data\OSIM\testModel.osim
[2021-04-30 13:48:44.416] [warning] Couldn't find file 'r_pelvis.vtp'.
[2021-04-30 13:48:44.416] [warning] Couldn't find file 'l_pelvis.vtp'.
[2021-04-30 13:48:44.416] [warning] Couldn't find file 'sacrum.vtp'.
[2021-04-30 13:48:44.417] [warning] Couldn't find file 'r_femur.vtp'.
[2021-04-30 13:48:44.417] [warning] Couldn't find file 'r_tibia.vtp'.
[2021-04-30 13:48:44.417] [warning] Couldn't find file 'r_fibula.vtp'.
[2021-04-30 13:48:44.417] [warning] Couldn't find file 'r_patella.vtp'.
[2021-04-30 13:48:44.417] [warning] Couldn't find file 'r_talus.vtp'.
[2021-04-30 13:48:44.417] [warning] Couldn't find file 'r_foot.vtp'.
[2021-04-30 13:48:44.417] [warning] Couldn't find file 'r_bofoot.vtp'.
[2021-04-30 13:48:44.417] [warning] Couldn't find file 'l_femur.vtp'.
[2021-04-30 13:48:44.418] [warning] Couldn't find file 'l_tibia.vtp'.
[2021-04-30 13:48:44.418] [warning] Couldn't find file 'l_fibula.vtp'.
[2021-04-30 13:48:44.418] [warning] Couldn't find file 'l_patella.vtp'.
[2021-04-30 13:48:44.418] [warning] Couldn't find file 'l_talus.vtp'.
[2021-04-30 13:48:44.418] [warning] Couldn't find file 'l_foot.vtp'.
[2021-04-30 13:48:44.418] [warning] Couldn't find file 'l_bofoot.vtp'.
[2021-04-30 13:48:44.418] [warning] Couldn't find file 'hat_spine.vtp'.
[2021-04-30 13:48:44.418] [warning] Couldn't find file 'hat_jaw.vtp'.
[2021-04-30 13:48:44.418] [warning] Couldn't find file 'hat_skull.vtp'.
[2021-04-30 13:48:44.418] [warning] Couldn't find file 'hat_ribs_scap.vtp'.
[2021-04-30 13:48:44.419] [warning] Couldn't find file 'humerus_rv.vtp'.
[2021-04-30 13:48:44.419] [warning] Couldn't find file 'ulna_rv.vtp'.
[2021-04-30 13:48:44.419] [warning] Couldn't find file 'radius_rv.vtp'.
[2021-04-30 13:48:44.419] [warning] Couldn't find file 'pisiform_rvs.vtp'.
[2021-04-30 13:48:44.419] [warning] Couldn't find file 'lunate_rvs.vtp'.
[2021-04-30 13:48:44.419] [warning] Couldn't find file 'scaphoid_rvs.vtp'.
[2021-04-30 13:48:44.419] [warning] Couldn't find file 'triquetrum_rvs.vtp'.
[2021-04-30 13:48:44.419] [warning] Couldn't find file 'hamate_rvs.vtp'.
[2021-04-30 13:48:44.419] [warning] Couldn't find file 'capitate_rvs.vtp'.
[2021-04-30 13:48:44.419] [warning] Couldn't find file 'trapezoid_rvs.vtp'.
[2021-04-30 13:48:44.420] [warning] Couldn't find file 'trapezium_rvs.vtp'.
[2021-04-30 13:48:44.420] [warning] Couldn't find file 'metacarpal2_rvs.vtp'.
[2021-04-30 13:48:44.420] [warning] Couldn't find file 'index_proximal_rvs.vtp'.
[2021-04-30 13:48:44.420] [warning] Couldn't find file 'index_medial_rvs.vtp'.
[2021-04-30 13:48:44.420] [warning] Couldn't find file 'index_distal_rvs.vtp'.
[2021-04-30 13:48:44.420] [warning] Couldn't find file 'metacarpal3_rvs.vtp'.
[2021-04-30 13:48:44.420] [warning] Couldn't find file 'middle_proximal_rvs.vtp'.
[2021-04-30 13:48:44.420] [warning] Couldn't find file 'middle_medial_rvs.vtp'.
[2021-04-30 13:48:44.420] [warning] Couldn't find file 'middle_distal_rvs.vtp'.
[2021-04-30 13:48:44.420] [warning] Couldn't find file 'metacarpal4_rvs.vtp'.
[2021-04-30 13:48:44.421] [warning] Couldn't find file 'ring_proximal_rvs.vtp'.
[2021-04-30 13:48:44.421] [warning] Couldn't find file 'ring_medial_rvs.vtp'.
[2021-04-30 13:48:44.421] [warning] Couldn't find file 'ring_distal_rvs.vtp'.
[2021-04-30 13:48:44.421] [warning] Couldn't find file 'metacarpal5_rvs.vtp'.
[2021-04-30 13:48:44.421] [warning] Couldn't find file 'little_proximal_rvs.vtp'.
[2021-04-30 13:48:44.421] [warning] Couldn't find file 'little_medial_rvs.vtp'.
[2021-04-30 13:48:44.421] [warning] Couldn't find file 'little_distal_rvs.vtp'.
[2021-04-30 13:48:44.421] [warning] Couldn't find file 'metacarpal1_rvs.vtp'.
[2021-04-30 13:48:44.421] [warning] Couldn't find file 'thumb_proximal_rvs.vtp'.
[2021-04-30 13:48:44.421] [warning] Couldn't find file 'thumb_distal_rvs.vtp'.
[2021-04-30 13:48:44.422] [warning] Couldn't find file 'humerus_lv.vtp'.
[2021-04-30 13:48:44.422] [warning] Couldn't find file 'ulna_lv.vtp'.
[2021-04-30 13:48:44.422] [warning] Couldn't find file 'radius_lv.vtp'.
[2021-04-30 13:48:44.422] [warning] Couldn't find file 'pisiform_lvs.vtp'.
[2021-04-30 13:48:44.422] [warning] Couldn't find file 'lunate_lvs.vtp'.
[2021-04-30 13:48:44.422] [warning] Couldn't find file 'scaphoid_lvs.vtp'.
[2021-04-30 13:48:44.422] [warning] Couldn't find file 'triquetrum_lvs.vtp'.
[2021-04-30 13:48:44.422] [warning] Couldn't find file 'hamate_lvs.vtp'.
[2021-04-30 13:48:44.422] [warning] Couldn't find file 'capitate_lvs.vtp'.
[2021-04-30 13:48:44.423] [warning] Couldn't find file 'trapezoid_lvs.vtp'.
[2021-04-30 13:48:44.423] [warning] Couldn't find file 'trapezium_lvs.vtp'.
[2021-04-30 13:48:44.423] [warning] Couldn't find file 'metacarpal2_lvs.vtp'.
[2021-04-30 13:48:44.423] [warning] Couldn't find file 'index_proximal_lvs.vtp'.
[2021-04-30 13:48:44.423] [warning] Couldn't find file 'index_medial_lvs.vtp'.
[2021-04-30 13:48:44.423] [warning] Couldn't find file 'index_distal_lvs.vtp'.
[2021-04-30 13:48:44.423] [warning] Couldn't find file 'metacarpal3_lvs.vtp'.
[2021-04-30 13:48:44.423] [warning] Couldn't find file 'middle_proximal_lvs.vtp'.
[2021-04-30 13:48:44.423] [warning] Couldn't find file 'middle_medial_lvs.vtp'.
[2021-04-30 13:48:44.423] [warning] Couldn't find file 'middle_distal_lvs.vtp'.
[2021-04-30 13:48:44.424] [warning] Couldn't find file 'metacarpal4_lvs.vtp'.
[2021-04-30 13:48:44.424] [warning] Couldn't find file 'ring_proximal_lvs.vtp'.
[2021-04-30 13:48:44.424] [warning] Couldn't find file 'ring_medial_lvs.vtp'.
[2021-04-30 13:48:44.424] [warning] Couldn't find file 'ring_distal_lvs.vtp'.
[2021-04-30 13:48:44.424] [warning] Couldn't find file 'metacarpal5_lvs.vtp'.
[2021-04-30 13:48:44.424] [warning] Couldn't find file 'little_proximal_lvs.vtp'.
[2021-04-30 13:48:44.424] [warning] Couldn't find file 'little_medial_lvs.vtp'.
[2021-04-30 13:48:44.424] [warning] Couldn't find file 'little_distal_lvs.vtp'.
[2021-04-30 13:48:44.424] [warning] Couldn't find file 'metacarpal1_lvs.vtp'.
[2021-04-30 13:48:44.424] [warning] Couldn't find file 'thumb_proximal_lvs.vtp'.
[2021-04-30 13:48:44.424] [warning] Couldn't find file 'thumb_distal_lvs.vtp'.
[2021-04-30 13:48:45.991] [warning] MarkerSet 'markerset' has subcomponents with duplicate name 'C7'. The duplicate is being renamed to 'C7_0'.
[2021-04-30 16:31:35.820] [info] Updating Model file from 30000 to latest format...
[2021-04-30 16:31:35.921] [info] Loaded model subject1_Scaled from file C:\Users\u0101727\Documents\MyRepositories\predictsim_mtp\OpenSimModel\subject1_no_mtp\Model\subject1_no_mtp_cm0.osim
[2021-04-30 16:31:35.960] [info] ControllerSet 'Controllers' was renamed and is being reset to 'controllerset'.
[2021-04-30 16:31:35.963] [info] ComponentSet 'MiscComponents' was renamed and is being reset to 'componentset'.
[2021-04-30 16:31:38.137] [info] Loaded model subject2_withoutMTP_scaled from file C:\Users\u0101727\Documents\MyRepositories\predictsim_mtp\OpenSimModel\subject2_no_mtp\Model\subject2_withoutMTP_weldRadius_scaled_FK_contactsAsForces_generic.osim
[2021-04-30 16:32:27.028] [info] Updating Model file from 30000 to latest format...
[2021-04-30 16:32:27.029] [warning] Model name 'Running Model For Motions In All Directions' contains whitespace.
[2021-04-30 16:32:27.029] [warning] It was renamed to 'RunningModelForMotionsInAllDirections'.
[2021-04-30 16:32:27.100] [info] Loaded model RunningModelForMotionsInAllDirections from file C:\Users\u0101727\Documents\MyRepositories\BASH-Model\data\OSIM\referenceScaledModel.osim
